c:\users\jrpratt\desktop\neattests\neattests\x64\release\vc141.pdb
c:\users\jrpratt\desktop\neattests\neattests\x64\release\neattests.obj
c:\users\jrpratt\desktop\neattests\neattests\x64\release\trait.obj
c:\users\jrpratt\desktop\neattests\neattests\x64\release\neat.obj
c:\users\jrpratt\desktop\neattests\neattests\x64\release\link.obj
c:\users\jrpratt\desktop\neattests\neattests\x64\release\innovation.obj
c:\users\jrpratt\desktop\neattests\neattests\x64\release\genome.obj
c:\users\jrpratt\desktop\neattests\neattests\x64\release\gene.obj
c:\users\jrpratt\desktop\neattests\neattests\x64\release\species.obj
c:\users\jrpratt\desktop\neattests\neattests\x64\release\population.obj
c:\users\jrpratt\desktop\neattests\neattests\x64\release\organism.obj
c:\users\jrpratt\desktop\neattests\neattests\x64\release\nnode.obj
c:\users\jrpratt\desktop\neattests\neattests\x64\release\network.obj
c:\users\jrpratt\desktop\neattests\x64\release\neattests.exe
c:\users\jrpratt\desktop\neattests\x64\release\neattests.pdb
c:\users\jrpratt\desktop\neattests\x64\release\neattests.ipdb
c:\users\jrpratt\desktop\neattests\x64\release\neattests.iobj
c:\users\jrpratt\desktop\neattests\neattests\x64\release\neattests.tlog\cl.command.1.tlog
c:\users\jrpratt\desktop\neattests\neattests\x64\release\neattests.tlog\cl.read.1.tlog
c:\users\jrpratt\desktop\neattests\neattests\x64\release\neattests.tlog\cl.write.1.tlog
c:\users\jrpratt\desktop\neattests\neattests\x64\release\neattests.tlog\link.command.1.tlog
c:\users\jrpratt\desktop\neattests\neattests\x64\release\neattests.tlog\link.read.1.tlog
c:\users\jrpratt\desktop\neattests\neattests\x64\release\neattests.tlog\link.write.1.tlog
c:\users\jrpratt\desktop\neattests\neattests\x64\release\neattests.tlog\neattests.write.1u.tlog
